0 info it worked if it ends with ok
1 verbose cli [ '/Users/dvinyard/.nvm/versions/node/v7.6.0/bin/node',
1 verbose cli   '/Users/dvinyard/.nvm/versions/node/v7.6.0/bin/npm',
1 verbose cli   'publish' ]
2 info using npm@4.1.2
3 info using node@v7.6.0
4 verbose publish [ '.' ]
5 silly cache add args [ '.', null ]
6 verbose cache add spec .
7 silly cache add parsed spec Result {
7 silly cache add   raw: '.',
7 silly cache add   scope: null,
7 silly cache add   escapedName: null,
7 silly cache add   name: null,
7 silly cache add   rawSpec: '.',
7 silly cache add   spec: '/Users/dvinyard/lifeform',
7 silly cache add   type: 'directory' }
8 verbose addLocalDirectory /Users/dvinyard/.npm/lifeform/1.0.0/package.tgz not in flight; packing
9 verbose correctMkdir /Users/dvinyard/.npm correctMkdir not in flight; initializing
10 info lifecycle lifeform@1.0.0~prepublish: lifeform@1.0.0
11 silly lifecycle lifeform@1.0.0~prepublish: no script for prepublish, continuing
12 info lifecycle lifeform@1.0.0~prepare: lifeform@1.0.0
13 silly lifecycle lifeform@1.0.0~prepare: no script for prepare, continuing
14 verbose tar pack [ '/Users/dvinyard/.npm/lifeform/1.0.0/package.tgz',
14 verbose tar pack   '/Users/dvinyard/lifeform' ]
15 verbose tarball /Users/dvinyard/.npm/lifeform/1.0.0/package.tgz
16 verbose folder /Users/dvinyard/lifeform
17 verbose addLocalTarball adding from inside cache /Users/dvinyard/.npm/lifeform/1.0.0/package.tgz
18 verbose correctMkdir /Users/dvinyard/.npm correctMkdir not in flight; initializing
19 silly cache afterAdd lifeform@1.0.0
20 verbose afterAdd /Users/dvinyard/.npm/lifeform/1.0.0/package/package.json not in flight; writing
21 verbose correctMkdir /Users/dvinyard/.npm correctMkdir not in flight; initializing
22 verbose afterAdd /Users/dvinyard/.npm/lifeform/1.0.0/package/package.json written
23 silly publish { name: 'lifeform',
23 silly publish   version: '1.0.0',
23 silly publish   description: 'Portfolio of life.',
23 silly publish   main: 'index.js',
23 silly publish   scripts: { start: 'node demo.js', test: 'npm test' },
23 silly publish   author: '',
23 silly publish   license: 'ISC',
23 silly publish   dependencies:
23 silly publish    { cheerio: '^0.22.0',
23 silly publish      nodemw: '^0.10.1',
23 silly publish      querystring: '^0.2.0',
23 silly publish      'request-promise': '^4.2.0',
23 silly publish      wtf_wikipedia: '^0.8.7' },
23 silly publish   readme: '# lifeform\n\nlifeform accepts a *life classification id* and fetches a portfolio of information. \n\n> Life classification ids are as assigned by ncbi.\n>\n> ncbi.nlm.nih.gov/Taxonomy/Browser/wwwtax.cgi?id=**123**\n\n### Install with npm\n\n```bash\nnpm install lifeform --save\n```\n\n### Getting Started\nAt its simplest.\n\n```js\nconst lifeform = require(\'lifeform\')\nlifeform.find(\'123\').then(console.log)\n\n/*{ [Object lifeform]\n    \n    id: \'123\',\n    article: [ \'lorum ipsum chunk\', \'lorum ipsum chunk\' ],\n    description: \'lorum ipsum chunk\',\n    facts: { discoveryYear: 1998, },\n    imageURL: \'imgur.com/b0bBy.png,\n    lineage: [ \'id_of_kingdom\', \'id_of_family\', \'id_of_genus\', ],\n    links: [ { type: \'paper\', title: \'\', url: \'\', } ],\n    name: \'bacterius bobberius\',\n    parentWithImage: \'id\',\n    rank: \'species\',\n    thumbnail: \';base64\'\n}*/\n```\n\n\n### Find\n\nThe only method is `lifeform.find(id, [include])`.\n\n`[include]` is an array that allows you to specify a list of keys to return. The example in the *Getting Started* section above shows the fields which are returned by default (all of them).\n\n```js\nlifeform.find(\'123\', [\'name\', \'description\']).then(console.log)\n\n/*{ [Object lifeform]\n\n    id: \'123\',\n    name: \'bacterius bobberius\',\n    description: \'lorum ipsum chunk\'\n}*/\n```\n\n> Include is still a TODO.\n\n### Images\n\nThere are three different image attributes.\n\nIf an image is found:\n\n- `imageURL` provides the url of a matched image.\n- `thumnail` processes that image into a small thumbnail encoded as base64.\n\nIf no image can be found, it will instead return the `parentWithImage` value. This is the id of the nearest parent that has an associated image. We walk up the tree of life until we find an ancestor with an image and then return this ancestor\'s id. \n\n> This is so that a parent image could be used as a \'group placeholder\' for this type of life, which may be useful in some UX contexts.\n\n### Notes\n\n- Conservative. Better no match than an incorrect match.\n- All of the functions that make API calls to external services need rate-limiters attached. Be careful, we\'re not cacheing anything and these services will block your IP in a heartbeat.\n\n### TODOs\n\n- `include` array parameter.\n- Thumbnail (cross platform)\n- Facts\n- Links',
23 silly publish   readmeFilename: 'readme.md',
23 silly publish   gitHead: 'a59b8e155c9d59dabb91799f27ba3e92b359c543',
23 silly publish   _id: 'lifeform@1.0.0',
23 silly publish   _shasum: '22f7476595c565b6ab4dfcda1cd1654ab87db2fc',
23 silly publish   _from: '.' }
24 info lifecycle lifeform@1.0.0~prepublishOnly: lifeform@1.0.0
25 silly lifecycle lifeform@1.0.0~prepublishOnly: no script for prepublishOnly, continuing
26 verbose getPublishConfig undefined
27 silly mapToRegistry name lifeform
28 silly mapToRegistry using default registry
29 silly mapToRegistry registry https://registry.npmjs.org/
30 silly mapToRegistry data Result {
30 silly mapToRegistry   raw: 'lifeform',
30 silly mapToRegistry   scope: null,
30 silly mapToRegistry   escapedName: 'lifeform',
30 silly mapToRegistry   name: 'lifeform',
30 silly mapToRegistry   rawSpec: '',
30 silly mapToRegistry   spec: 'latest',
30 silly mapToRegistry   type: 'tag' }
31 silly mapToRegistry uri https://registry.npmjs.org/lifeform
32 verbose publish registryBase https://registry.npmjs.org/
33 silly publish uploading /Users/dvinyard/.npm/lifeform/1.0.0/package.tgz
34 verbose request uri https://registry.npmjs.org/lifeform
35 verbose request sending authorization for write operation
36 info attempt registry request try #1 at 5:45:34 PM
37 verbose request using bearer token for auth
38 verbose request id fdab5140e5e1502f
39 http request PUT https://registry.npmjs.org/lifeform
40 http 403 https://registry.npmjs.org/lifeform
41 verbose headers { 'content-type': 'application/json',
41 verbose headers   'cache-control': 'max-age=300',
41 verbose headers   'content-length': '95',
41 verbose headers   'accept-ranges': 'bytes',
41 verbose headers   date: 'Sat, 01 Apr 2017 16:45:33 GMT',
41 verbose headers   via: '1.1 varnish',
41 verbose headers   connection: 'keep-alive',
41 verbose headers   'x-served-by': 'cache-lhr6330-LHR',
41 verbose headers   'x-cache': 'MISS',
41 verbose headers   'x-cache-hits': '0',
41 verbose headers   'x-timer': 'S1491065132.691942,VS0,VE1155',
41 verbose headers   vary: 'Accept-Encoding' }
42 verbose request invalidating /Users/dvinyard/.npm/registry.npmjs.org/lifeform on PUT
43 error publish Failed PUT 403
44 verbose stack Error: "You cannot publish over the previously published version 1.0.0." : lifeform
44 verbose stack     at makeError (/Users/dvinyard/.nvm/versions/node/v7.6.0/lib/node_modules/npm/node_modules/npm-registry-client/lib/request.js:304:12)
44 verbose stack     at CachingRegistryClient.<anonymous> (/Users/dvinyard/.nvm/versions/node/v7.6.0/lib/node_modules/npm/node_modules/npm-registry-client/lib/request.js:292:14)
44 verbose stack     at Request._callback (/Users/dvinyard/.nvm/versions/node/v7.6.0/lib/node_modules/npm/node_modules/npm-registry-client/lib/request.js:212:14)
44 verbose stack     at Request.self.callback (/Users/dvinyard/.nvm/versions/node/v7.6.0/lib/node_modules/npm/node_modules/request/request.js:186:22)
44 verbose stack     at emitTwo (events.js:106:13)
44 verbose stack     at Request.emit (events.js:192:7)
44 verbose stack     at Request.<anonymous> (/Users/dvinyard/.nvm/versions/node/v7.6.0/lib/node_modules/npm/node_modules/request/request.js:1081:10)
44 verbose stack     at emitOne (events.js:96:13)
44 verbose stack     at Request.emit (events.js:189:7)
44 verbose stack     at IncomingMessage.<anonymous> (/Users/dvinyard/.nvm/versions/node/v7.6.0/lib/node_modules/npm/node_modules/request/request.js:1001:12)
45 verbose statusCode 403
46 verbose pkgid lifeform
47 verbose cwd /Users/dvinyard/lifeform
48 error Darwin 16.4.0
49 error argv "/Users/dvinyard/.nvm/versions/node/v7.6.0/bin/node" "/Users/dvinyard/.nvm/versions/node/v7.6.0/bin/npm" "publish"
50 error node v7.6.0
51 error npm  v4.1.2
52 error code E403
53 error "You cannot publish over the previously published version 1.0.0." : lifeform
54 error If you need help, you may report this error at:
54 error     <https://github.com/npm/npm/issues>
55 verbose exit [ 1, true ]
